Using pre-set license
Built from '2021.1/release' branch; Version is '2021.1.0f1 (61a549675243) revision 6399305'; Using compiler version '192528614'; Build Type 'Release'
OS: 'Windows 10 Enterprise; OS build 19042.867; Version 2009; 64bit' Language: 'en' Physical Memory: 16343 MB
BatchMode: 1, IsHumanControllingUs: 0, StartBugReporterOnCrash: 0, Is64bit: 1, IsPro: 0

 COMMAND LINE ARGUMENTS:
D:\Unity\Editor\Unity.exe
-adb2
-batchMode
-noUpm
-name
AssetImportWorker0
-projectPath
C:/Users/hcheb/Desktop/Computer Science/CIS-410/Assignment 2
-logFile
Logs/AssetImportWorker0.log
-srvPort
58392
Successfully changed project path to: C:/Users/hcheb/Desktop/Computer Science/CIS-410/Assignment 2
C:/Users/hcheb/Desktop/Computer Science/CIS-410/Assignment 2
Using Asset Import Pipeline V2.
Refreshing native plugins compatible for Editor in 461.19 ms, found 1 plugins.
Preloading 0 native plugins for Editor in 0.00 ms.
Initialize engine version: 2021.1.0f1 (61a549675243)
[Subsystems] Discovering subsystems at path D:/Unity/Editor/Data/Resources/UnitySubsystems
[Subsystems] Discovering subsystems at path C:/Users/hcheb/Desktop/Computer Science/CIS-410/Assignment 2/Assets
GfxDevice: creating device client; threaded=0; jobified=0
Direct3D:
    Version:  Direct3D 11.0 [level 11.1]
    Renderer: NVIDIA GeForce RTX 3060 Ti (ID=0x2486)
    Vendor:   NVIDIA
    VRAM:     8050 MB
    Driver:   27.21.14.6172
Initialize mono
Mono path[0] = 'D:/Unity/Editor/Data/Managed'
Mono path[1] = 'D:/Unity/Editor/Data/MonoBleedingEdge/lib/mono/unityjit'
Mono config path = 'D:/Unity/Editor/Data/MonoBleedingEdge/etc'
Using monoOptions --debugger-agent=transport=dt_socket,embedding=1,server=y,suspend=n,address=127.0.0.1:56608
Begin MonoManager ReloadAssembly
Registering precompiled unity dll's ...
Register platform support module: D:/Unity/Editor/Data/PlaybackEngines/WebGLSupport/UnityEditor.WebGL.Extensions.dll
Register platform support module: D:/Unity/Editor/Data/PlaybackEngines/WindowsStandaloneSupport/UnityEditor.WindowsStandalone.Extensions.dll
Registered in 0.001334 seconds.
Native extension for WindowsStandalone target not found
Native extension for WebGL target not found
Refreshing native plugins compatible for Editor in 94.13 ms, found 1 plugins.
Preloading 0 native plugins for Editor in 0.00 ms.
Mono: successfully reloaded assembly
- Completed reload, in  1.397 seconds
Platform modules already initialized, skipping
Registering precompiled user dll's ...
Registered in 0.007849 seconds.
Begin MonoManager ReloadAssembly
Native extension for WindowsStandalone target not found
Native extension for WebGL target not found
Refreshing native plugins compatible for Editor in 0.81 ms, found 1 plugins.
Preloading 0 native plugins for Editor in 0.00 ms.
Mono: successfully reloaded assembly
- Completed reload, in  1.064 seconds
Platform modules already initialized, skipping
========================================================================
Worker process is ready to serve import requests
Launched and connected shader compiler UnityShaderCompiler.exe after 0.05 seconds
Refreshing native plugins compatible for Editor in 0.72 ms, found 1 plugins.
Preloading 0 native plugins for Editor in 0.00 ms.
Unloading 3174 Unused Serialized files (Serialized files now loaded: 0)
System memory in use before: 120.2 MB.
System memory in use after: 120.4 MB.

Unloading 41 unused Assets to reduce memory usage. Loaded Objects now: 3612.
Total: 2.756300 ms (FindLiveObjects: 0.295200 ms CreateObjectMapping: 0.203500 ms MarkObjects: 2.168400 ms  DeleteObjects: 0.087600 ms)

========================================================================
Received Import Request.
  path: Assets/Readme.asset
  artifactKey: Guid(5aa8565dc31eb3f4a97f05eb11fe8445) Importer(815301076,1909f56bfc062723c751e8b465ee728b)
Start importing Assets/Readme.asset using Guid(5aa8565dc31eb3f4a97f05eb11fe8445) Importer(815301076,1909f56bfc062723c751e8b465ee728b)  -> (artifact id: 'd9c9f7327b1d7686094d2744ee6019e8') in 0.050540 seconds 
========================================================================
Received Prepare
Registering precompiled user dll's ...
Registered in 0.012822 seconds.
Begin MonoManager ReloadAssembly
Native extension for WindowsStandalone target not found
Native extension for WebGL target not found
Refreshing native plugins compatible for Editor in 0.68 ms, found 1 plugins.
Preloading 0 native plugins for Editor in 0.00 ms.
Mono: successfully reloaded assembly
- Completed reload, in  0.928 seconds
Platform modules already initialized, skipping
Refreshing native plugins compatible for Editor in 0.76 ms, found 1 plugins.
Preloading 0 native plugins for Editor in 0.00 ms.
Unloading 3136 Unused Serialized files (Serialized files now loaded: 0)
System memory in use before: 117.7 MB.
System memory in use after: 117.9 MB.

Unloading 32 unused Assets to reduce memory usage. Loaded Objects now: 3615.
Total: 2.264400 ms (FindLiveObjects: 0.310900 ms CreateObjectMapping: 0.190000 ms MarkObjects: 1.687600 ms  DeleteObjects: 0.074900 ms)

========================================================================
Received Import Request.
  Time since last request: 107.719435 seconds.
  path: Assets/Audio/SFXBuzzingLight.wav
  artifactKey: Guid(86e0f005f0b8e084698c2cf61bb6c2b6) Importer(815301076,1909f56bfc062723c751e8b465ee728b)
Start importing Assets/Audio/SFXBuzzingLight.wav using Guid(86e0f005f0b8e084698c2cf61bb6c2b6) Importer(815301076,1909f56bfc062723c751e8b465ee728b)  -> (artifact id: 'f1b2d6b80e53fc883e2fc84d6e56f87d') in 0.221990 seconds 
========================================================================
Received Import Request.
  Time since last request: 0.000266 seconds.
  path: Assets/Audio/SFXHouseAmbience.wav
  artifactKey: Guid(205287722f2b6b64583b86d65fdeeb11) Importer(815301076,1909f56bfc062723c751e8b465ee728b)
Start importing Assets/Audio/SFXHouseAmbience.wav using Guid(205287722f2b6b64583b86d65fdeeb11) Importer(815301076,1909f56bfc062723c751e8b465ee728b)  -> (artifact id: '832d6d2abae12a29f2a86bf62ba472ce') in 0.016714 seconds 
========================================================================
Received Import Request.
  Time since last request: 0.000382 seconds.
  path: Assets/Audio/SFXWin.wav
  artifactKey: Guid(c0f716a9e9ac00c438b95158ba195a58) Importer(815301076,1909f56bfc062723c751e8b465ee728b)
Start importing Assets/Audio/SFXWin.wav using Guid(c0f716a9e9ac00c438b95158ba195a58) Importer(815301076,1909f56bfc062723c751e8b465ee728b)  -> (artifact id: '1cd616e9ee204c2a1b52beb347fb4096') in 0.015289 seconds 
========================================================================
Received Import Request.
  Time since last request: 0.000259 seconds.
  path: Assets/Audio/SFXFootstepsLooping.wav
  artifactKey: Guid(07e520bb410492d47bf739846d70f2a3) Importer(815301076,1909f56bfc062723c751e8b465ee728b)
Start importing Assets/Audio/SFXFootstepsLooping.wav using Guid(07e520bb410492d47bf739846d70f2a3) Importer(815301076,1909f56bfc062723c751e8b465ee728b)  -> (artifact id: '032612b94e8b0b09b02885e640771e4d') in 0.016626 seconds 
========================================================================
Received Import Request.
  Time since last request: 0.000427 seconds.
  path: Assets/Audio/SFXGhostMove.wav
  artifactKey: Guid(98ea14dfdb9dce74a976520f134fd1a2) Importer(815301076,1909f56bfc062723c751e8b465ee728b)
Start importing Assets/Audio/SFXGhostMove.wav using Guid(98ea14dfdb9dce74a976520f134fd1a2) Importer(815301076,1909f56bfc062723c751e8b465ee728b)  -> (artifact id: 'ec0b26282fda5aa7aa529c41cf36c66e') in 0.016532 seconds 
========================================================================
Received Import Request.
  Time since last request: 0.000280 seconds.
  path: Assets/Audio/SFXGameOver.wav
  artifactKey: Guid(2789d5ce62baaba4ab1ee8bb172304a6) Importer(815301076,1909f56bfc062723c751e8b465ee728b)
Start importing Assets/Audio/SFXGameOver.wav using Guid(2789d5ce62baaba4ab1ee8bb172304a6) Importer(815301076,1909f56bfc062723c751e8b465ee728b)  -> (artifact id: '75fb84c7fc00866bd294c9250b4d1272') in 0.016125 seconds 
========================================================================
Received Import Request.
  Time since last request: 0.000299 seconds.
  path: Assets/Audio/SFXCandle.wav
  artifactKey: Guid(dd7f55e125ee8f947b2f399e20aeec8c) Importer(815301076,1909f56bfc062723c751e8b465ee728b)
Start importing Assets/Audio/SFXCandle.wav using Guid(dd7f55e125ee8f947b2f399e20aeec8c) Importer(815301076,1909f56bfc062723c751e8b465ee728b)  -> (artifact id: '67d08ef70e5a2b366d5395ecd8fbae45') in 0.015935 seconds 
========================================================================
Received Import Request.
  Time since last request: 2.878388 seconds.
  path: Assets/Models/Characters/Gargoyle.fbx
  artifactKey: Guid(d3312d02a690eda48bd6807bf5c78084) Importer(815301076,1909f56bfc062723c751e8b465ee728b)
Start importing Assets/Models/Characters/Gargoyle.fbx using Guid(d3312d02a690eda48bd6807bf5c78084) Importer(815301076,1909f56bfc062723c751e8b465ee728b)  -> (artifact id: '5394da4b4bf4f0a00728a271be4f4a65') in 0.827214 seconds 
========================================================================
Received Import Request.
  Time since last request: 0.000250 seconds.
  path: Assets/Models/Characters/Ghost.fbx
  artifactKey: Guid(563ac48ff656d49478fd93213f4c0eb8) Importer(815301076,1909f56bfc062723c751e8b465ee728b)
Start importing Assets/Models/Characters/Ghost.fbx using Guid(563ac48ff656d49478fd93213f4c0eb8) Importer(815301076,1909f56bfc062723c751e8b465ee728b)  -> (artifact id: '6300159e06d1025366a520e5b63df067') in 0.273846 seconds 
========================================================================
Received Import Request.
  Time since last request: 0.000190 seconds.
  path: Assets/Models/Characters/JohnLemon.fbx
  artifactKey: Guid(b44f3940c4940544a8c2c6aee5fa086f) Importer(815301076,1909f56bfc062723c751e8b465ee728b)
Start importing Assets/Models/Characters/JohnLemon.fbx using Guid(b44f3940c4940544a8c2c6aee5fa086f) Importer(815301076,1909f56bfc062723c751e8b465ee728b)  -> (artifact id: '59d386848cd1084b2087ee4aca5bc775') in 0.327208 seconds 
========================================================================
Received Prepare
Registering precompiled user dll's ...
Registered in 0.008841 seconds.
Begin MonoManager ReloadAssembly
Native extension for WindowsStandalone target not found
Native extension for WebGL target not found
Refreshing native plugins compatible for Editor in 0.71 ms, found 1 plugins.
Preloading 0 native plugins for Editor in 0.00 ms.
Mono: successfully reloaded assembly
- Completed reload, in  1.213 seconds
Platform modules already initialized, skipping
Refreshing native plugins compatible for Editor in 0.71 ms, found 1 plugins.
Preloading 0 native plugins for Editor in 0.00 ms.
Unloading 3136 Unused Serialized files (Serialized files now loaded: 0)
System memory in use before: 121.9 MB.
System memory in use after: 122.1 MB.

Unloading 32 unused Assets to reduce memory usage. Loaded Objects now: 3630.
Total: 2.339500 ms (FindLiveObjects: 0.287800 ms CreateObjectMapping: 0.200300 ms MarkObjects: 1.765900 ms  DeleteObjects: 0.084500 ms)

========================================================================
Received Import Request.
  Time since last request: 265.404762 seconds.
  path: Assets/Prefabs/JohnLemon.prefab
  artifactKey: Guid(fecd417a939f30f49a3eff8f0cf68eaf) Importer(815301076,1909f56bfc062723c751e8b465ee728b)
Start importing Assets/Prefabs/JohnLemon.prefab using Guid(fecd417a939f30f49a3eff8f0cf68eaf) Importer(815301076,1909f56bfc062723c751e8b465ee728b)  -> (artifact id: 'a1281cb2b686bef6720dc03065eeb97b') in 0.093060 seconds 
========================================================================
Received Import Request.
  Time since last request: 0.000245 seconds.
  path: Assets/Prefabs/Level.prefab
  artifactKey: Guid(549c69af39b84624b8a053537c407def) Importer(815301076,1909f56bfc062723c751e8b465ee728b)
Start importing Assets/Prefabs/Level.prefab using Guid(549c69af39b84624b8a053537c407def) Importer(815301076,1909f56bfc062723c751e8b465ee728b)  -> (artifact id: 'cfd36113e0dac278251731a31a8310c3') in 3.928242 seconds 
========================================================================
Received Import Request.
  Time since last request: 241.891885 seconds.
  path: Assets/Animation/Animators/New Animator Controller.controller
  artifactKey: Guid(270d930dcbc101a4ba26a2f8ba3217de) Importer(815301076,1909f56bfc062723c751e8b465ee728b)
Start importing Assets/Animation/Animators/New Animator Controller.controller using Guid(270d930dcbc101a4ba26a2f8ba3217de) Importer(815301076,1909f56bfc062723c751e8b465ee728b)  -> (artifact id: '23d029b27757724cbbd3d01f216e554a') in 0.018356 seconds 
========================================================================
Received Import Request.
  Time since last request: 39.887349 seconds.
  path: Assets/Animation/Animators/JohnLemon.controller
  artifactKey: Guid(270d930dcbc101a4ba26a2f8ba3217de) Importer(815301076,1909f56bfc062723c751e8b465ee728b)
Start importing Assets/Animation/Animators/JohnLemon.controller using Guid(270d930dcbc101a4ba26a2f8ba3217de) Importer(815301076,1909f56bfc062723c751e8b465ee728b)  -> (artifact id: '6454d105557d6fe1e042d16e623efd3c') in 0.003321 seconds 
========================================================================
Received Import Request.
  Time since last request: 124.988153 seconds.
  path: Assets/Animation/Animation/Gargoyle@Idle.fbx
  artifactKey: Guid(475d389e70692ca4abb09caca1aef9ae) Importer(815301076,1909f56bfc062723c751e8b465ee728b)
Start importing Assets/Animation/Animation/Gargoyle@Idle.fbx using Guid(475d389e70692ca4abb09caca1aef9ae) Importer(815301076,1909f56bfc062723c751e8b465ee728b)  -> (artifact id: 'bdc5a57771fb0ae9d1973083dc29d765') in 0.054887 seconds 
========================================================================
Received Import Request.
  Time since last request: 0.000236 seconds.
  path: Assets/Animation/Animation/John@Idle.fbx
  artifactKey: Guid(873202b19b03a8a4e976f0b15d21cd24) Importer(815301076,1909f56bfc062723c751e8b465ee728b)
Start importing Assets/Animation/Animation/John@Idle.fbx using Guid(873202b19b03a8a4e976f0b15d21cd24) Importer(815301076,1909f56bfc062723c751e8b465ee728b)  -> (artifact id: '65f713957d8c0d7328145de8264661c2') in 0.040243 seconds 
========================================================================
Received Import Request.
  Time since last request: 0.000247 seconds.
  path: Assets/Animation/Animation/Ghost@Walk.fbx
  artifactKey: Guid(2017cad317b564c409a9e5bd02341461) Importer(815301076,1909f56bfc062723c751e8b465ee728b)
Start importing Assets/Animation/Animation/Ghost@Walk.fbx using Guid(2017cad317b564c409a9e5bd02341461) Importer(815301076,1909f56bfc062723c751e8b465ee728b)  -> (artifact id: '4145b9cb3bf996aa5da8f13391114b9c') in 0.036457 seconds 
========================================================================
Received Import Request.
  Time since last request: 0.000237 seconds.
  path: Assets/Animation/Animation/John@Walk.fbx
  artifactKey: Guid(da1625e6a723d1745a6ba7f6565a130f) Importer(815301076,1909f56bfc062723c751e8b465ee728b)
Start importing Assets/Animation/Animation/John@Walk.fbx using Guid(da1625e6a723d1745a6ba7f6565a130f) Importer(815301076,1909f56bfc062723c751e8b465ee728b)  -> (artifact id: 'ff54b2eb4aaff47cefb4236ce1dd28ef') in 0.030340 seconds 
========================================================================
Received Import Request.
  Time since last request: 0.000247 seconds.
  path: Assets/Animation/Animation/Ghost@Shower.fbx
  artifactKey: Guid(4c7b6999390a2c24498d13e4084b200f) Importer(815301076,1909f56bfc062723c751e8b465ee728b)
Start importing Assets/Animation/Animation/Ghost@Shower.fbx using Guid(4c7b6999390a2c24498d13e4084b200f) Importer(815301076,1909f56bfc062723c751e8b465ee728b)  -> (artifact id: 'ea775c2f79adf96871b791e755db5d27') in 0.035709 seconds 
========================================================================
Received Import Request.
  Time since last request: 587.107290 seconds.
  path: Assets/Animation/Animators/JohnLemon.controller
  artifactKey: Guid(270d930dcbc101a4ba26a2f8ba3217de) Importer(815301076,1909f56bfc062723c751e8b465ee728b)
Start importing Assets/Animation/Animators/JohnLemon.controller using Guid(270d930dcbc101a4ba26a2f8ba3217de) Importer(815301076,1909f56bfc062723c751e8b465ee728b)  -> (artifact id: '168a979f8fc2b48f49731cdd141f0881') in 0.011790 seconds 
========================================================================
Received Import Request.
  Time since last request: 453.316075 seconds.
  path: Assets/Prefabs/JohnLemon.prefab
  artifactKey: Guid(fecd417a939f30f49a3eff8f0cf68eaf) Importer(815301076,1909f56bfc062723c751e8b465ee728b)
Start importing Assets/Prefabs/JohnLemon.prefab using Guid(fecd417a939f30f49a3eff8f0cf68eaf) Importer(815301076,1909f56bfc062723c751e8b465ee728b)  -> (artifact id: '831945f3f4bcbad95fca0374991df822') in 0.034000 seconds 
========================================================================
Received Import Request.
  Time since last request: 40.546218 seconds.
  path: Assets/Prefabs/JohnLemon.prefab
  artifactKey: Guid(fecd417a939f30f49a3eff8f0cf68eaf) Importer(815301076,1909f56bfc062723c751e8b465ee728b)
Start importing Assets/Prefabs/JohnLemon.prefab using Guid(fecd417a939f30f49a3eff8f0cf68eaf) Importer(815301076,1909f56bfc062723c751e8b465ee728b)  -> (artifact id: '1543bdcbe0293c24dc750ac705a40bdd') in 0.032830 seconds 
========================================================================
Received Import Request.
  Time since last request: 471.228229 seconds.
  path: Assets/Scenes
  artifactKey: Guid(9fb93fa336b19af44aa1754e2395b90b) Importer(815301076,1909f56bfc062723c751e8b465ee728b)
Start importing Assets/Scenes using Guid(9fb93fa336b19af44aa1754e2395b90b) Importer(815301076,1909f56bfc062723c751e8b465ee728b)  -> (artifact id: '6f166dd5caa4f90f40542af691a7877f') in 0.008207 seconds 
========================================================================
Received Import Request.
  Time since last request: 1.755396 seconds.
  path: Assets/Scripts
  artifactKey: Guid(4b32d296f22ef544caf49758d8111991) Importer(815301076,1909f56bfc062723c751e8b465ee728b)
Start importing Assets/Scripts using Guid(4b32d296f22ef544caf49758d8111991) Importer(815301076,1909f56bfc062723c751e8b465ee728b)  -> (artifact id: '46feb4c5a0feb0595650f1143265228d') in 0.007786 seconds 
========================================================================
Received Prepare
Registering precompiled user dll's ...
Registered in 0.005876 seconds.
Begin MonoManager ReloadAssembly
Native extension for WindowsStandalone target not found
Native extension for WebGL target not found
Refreshing native plugins compatible for Editor in 0.72 ms, found 1 plugins.
Preloading 0 native plugins for Editor in 0.00 ms.
Mono: successfully reloaded assembly
- Completed reload, in  0.926 seconds
Platform modules already initialized, skipping
Refreshing native plugins compatible for Editor in 0.98 ms, found 1 plugins.
Preloading 0 native plugins for Editor in 0.00 ms.
Unloading 3137 Unused Serialized files (Serialized files now loaded: 0)
System memory in use before: 195.3 MB.
System memory in use after: 195.5 MB.

Unloading 33 unused Assets to reduce memory usage. Loaded Objects now: 3642.
Total: 2.991100 ms (FindLiveObjects: 0.310000 ms CreateObjectMapping: 0.164000 ms MarkObjects: 2.417100 ms  DeleteObjects: 0.098700 ms)

========================================================================
Received Import Request.
  Time since last request: 12.274828 seconds.
  path: Assets/Scripts/NewBehaviourScript.cs
  artifactKey: Guid(1230334166a36bf4fa6dce60cb052a58) Importer(815301076,1909f56bfc062723c751e8b465ee728b)
Start importing Assets/Scripts/NewBehaviourScript.cs using Guid(1230334166a36bf4fa6dce60cb052a58) Importer(815301076,1909f56bfc062723c751e8b465ee728b)  -> (artifact id: '665e86c4003f9bcd2094fdd352e0854a') in 0.019771 seconds 
========================================================================
Received Import Request.
  Time since last request: 7.898232 seconds.
  path: Assets/Scripts/PlayerMovement.cs
  artifactKey: Guid(1230334166a36bf4fa6dce60cb052a58) Importer(815301076,1909f56bfc062723c751e8b465ee728b)
Start importing Assets/Scripts/PlayerMovement.cs using Guid(1230334166a36bf4fa6dce60cb052a58) Importer(815301076,1909f56bfc062723c751e8b465ee728b)  -> (artifact id: 'ebbd2c249b97dacb0bab213d67881c7b') in 0.008303 seconds 
========================================================================
Received Prepare
Registering precompiled user dll's ...
Registered in 0.006459 seconds.
Begin MonoManager ReloadAssembly
Native extension for WindowsStandalone target not found
Native extension for WebGL target not found
Refreshing native plugins compatible for Editor in 0.82 ms, found 1 plugins.
Preloading 0 native plugins for Editor in 0.00 ms.
Mono: successfully reloaded assembly
- Completed reload, in  0.999 seconds
Platform modules already initialized, skipping
Refreshing native plugins compatible for Editor in 0.77 ms, found 1 plugins.
Preloading 0 native plugins for Editor in 0.00 ms.
Unloading 3137 Unused Serialized files (Serialized files now loaded: 0)
System memory in use before: 195.3 MB.
System memory in use after: 195.5 MB.

Unloading 32 unused Assets to reduce memory usage. Loaded Objects now: 3645.
Total: 2.716500 ms (FindLiveObjects: 0.398700 ms CreateObjectMapping: 0.260300 ms MarkObjects: 1.978200 ms  DeleteObjects: 0.078300 ms)

========================================================================
Received Prepare
Registering precompiled user dll's ...
Registered in 0.006332 seconds.
Begin MonoManager ReloadAssembly
Native extension for WindowsStandalone target not found
Native extension for WebGL target not found
Refreshing native plugins compatible for Editor in 0.70 ms, found 1 plugins.
Preloading 0 native plugins for Editor in 0.00 ms.
Mono: successfully reloaded assembly
- Completed reload, in  1.056 seconds
Platform modules already initialized, skipping
Refreshing native plugins compatible for Editor in 0.80 ms, found 1 plugins.
Preloading 0 native plugins for Editor in 0.00 ms.
Unloading 3137 Unused Serialized files (Serialized files now loaded: 0)
System memory in use before: 195.3 MB.
System memory in use after: 195.5 MB.

Unloading 32 unused Assets to reduce memory usage. Loaded Objects now: 3648.
Total: 2.987600 ms (FindLiveObjects: 0.258600 ms CreateObjectMapping: 0.172700 ms MarkObjects: 2.478000 ms  DeleteObjects: 0.076100 ms)

========================================================================
Received Import Request.
  Time since last request: 113.203762 seconds.
  path: Assets/Scripts/PlayerMovement.cs
  artifactKey: Guid(1230334166a36bf4fa6dce60cb052a58) Importer(815301076,1909f56bfc062723c751e8b465ee728b)
Start importing Assets/Scripts/PlayerMovement.cs using Guid(1230334166a36bf4fa6dce60cb052a58) Importer(815301076,1909f56bfc062723c751e8b465ee728b)  -> (artifact id: '2e40ceba20c46d84d36967afb3acff3d') in 0.008340 seconds 
========================================================================
Received Import Request.
  Time since last request: 116.124448 seconds.
  path: Assets/Prefabs/JohnLemon.prefab
  artifactKey: Guid(fecd417a939f30f49a3eff8f0cf68eaf) Importer(815301076,1909f56bfc062723c751e8b465ee728b)
Start importing Assets/Prefabs/JohnLemon.prefab using Guid(fecd417a939f30f49a3eff8f0cf68eaf) Importer(815301076,1909f56bfc062723c751e8b465ee728b)  -> (artifact id: '162b8bd8ab2e6d5db5591aff271dcbb9') in 0.067065 seconds 
========================================================================
Received Import Request.
  Time since last request: 18.804994 seconds.
  path: Assets/Prefabs/JohnLemon.prefab
  artifactKey: Guid(fecd417a939f30f49a3eff8f0cf68eaf) Importer(815301076,1909f56bfc062723c751e8b465ee728b)
Start importing Assets/Prefabs/JohnLemon.prefab using Guid(fecd417a939f30f49a3eff8f0cf68eaf) Importer(815301076,1909f56bfc062723c751e8b465ee728b)  -> (artifact id: '4e527f240db1750ddea5eabed9f7ab43') in 0.048078 seconds 
========================================================================
Received Import Request.
  Time since last request: 51.954902 seconds.
  path: Assets/Prefabs/JohnLemon.prefab
  artifactKey: Guid(fecd417a939f30f49a3eff8f0cf68eaf) Importer(815301076,1909f56bfc062723c751e8b465ee728b)
Start importing Assets/Prefabs/JohnLemon.prefab using Guid(fecd417a939f30f49a3eff8f0cf68eaf) Importer(815301076,1909f56bfc062723c751e8b465ee728b)  -> (artifact id: '621793756f7b4ee25f48f11e7e42a0a3') in 0.034644 seconds 
========================================================================
Received Prepare
Registering precompiled user dll's ...
Registered in 0.006382 seconds.
Begin MonoManager ReloadAssembly
Native extension for WindowsStandalone target not found
Native extension for WebGL target not found
Refreshing native plugins compatible for Editor in 0.74 ms, found 1 plugins.
Preloading 0 native plugins for Editor in 0.00 ms.
Mono: successfully reloaded assembly
- Completed reload, in  1.769 seconds
Platform modules already initialized, skipping
Refreshing native plugins compatible for Editor in 0.81 ms, found 1 plugins.
Preloading 0 native plugins for Editor in 0.00 ms.
Unloading 3137 Unused Serialized files (Serialized files now loaded: 0)
System memory in use before: 195.3 MB.
System memory in use after: 195.5 MB.

Unloading 32 unused Assets to reduce memory usage. Loaded Objects now: 3652.
Total: 3.389400 ms (FindLiveObjects: 0.272600 ms CreateObjectMapping: 0.168800 ms MarkObjects: 2.887000 ms  DeleteObjects: 0.059500 ms)

========================================================================
Received Prepare
Registering precompiled user dll's ...
Registered in 0.005710 seconds.
Begin MonoManager ReloadAssembly
Native extension for WindowsStandalone target not found
Native extension for WebGL target not found
Refreshing native plugins compatible for Editor in 0.86 ms, found 1 plugins.
Preloading 0 native plugins for Editor in 0.00 ms.
Mono: successfully reloaded assembly
- Completed reload, in  1.016 seconds
Platform modules already initialized, skipping
Refreshing native plugins compatible for Editor in 0.73 ms, found 1 plugins.
Preloading 0 native plugins for Editor in 0.00 ms.
Unloading 3137 Unused Serialized files (Serialized files now loaded: 0)
System memory in use before: 195.3 MB.
System memory in use after: 195.5 MB.

Unloading 32 unused Assets to reduce memory usage. Loaded Objects now: 3655.
Total: 3.394100 ms (FindLiveObjects: 0.387700 ms CreateObjectMapping: 0.800900 ms MarkObjects: 2.111700 ms  DeleteObjects: 0.092600 ms)

AssetImportWorkerClient::OnTransportError - code=2 error=End of file
