Using pre-set license
Built from '2021.1/release' branch; Version is '2021.1.0f1 (61a549675243) revision 6399305'; Using compiler version '192528614'; Build Type 'Release'
OS: 'Windows 10 Enterprise; OS build 19042.867; Version 2009; 64bit' Language: 'en' Physical Memory: 16343 MB
BatchMode: 1, IsHumanControllingUs: 0, StartBugReporterOnCrash: 0, Is64bit: 1, IsPro: 0

 COMMAND LINE ARGUMENTS:
D:\Unity\Editor\Unity.exe
-adb2
-batchMode
-noUpm
-name
AssetImportWorker0
-projectPath
C:/Users/hcheb/Desktop/Computer Science/CIS-410/Assignment 1
-logFile
Logs/AssetImportWorker0.log
-srvPort
54234
Successfully changed project path to: C:/Users/hcheb/Desktop/Computer Science/CIS-410/Assignment 1
C:/Users/hcheb/Desktop/Computer Science/CIS-410/Assignment 1
Using Asset Import Pipeline V2.
Refreshing native plugins compatible for Editor in 97.11 ms, found 1 plugins.
Preloading 0 native plugins for Editor in 0.00 ms.
Initialize engine version: 2021.1.0f1 (61a549675243)
[Subsystems] Discovering subsystems at path D:/Unity/Editor/Data/Resources/UnitySubsystems
[Subsystems] Discovering subsystems at path C:/Users/hcheb/Desktop/Computer Science/CIS-410/Assignment 1/Assets
GfxDevice: creating device client; threaded=0; jobified=0
Direct3D:
    Version:  Direct3D 11.0 [level 11.1]
    Renderer: NVIDIA GeForce RTX 3060 Ti (ID=0x2486)
    Vendor:   NVIDIA
    VRAM:     8050 MB
    Driver:   27.21.14.6172
Initialize mono
Mono path[0] = 'D:/Unity/Editor/Data/Managed'
Mono path[1] = 'D:/Unity/Editor/Data/MonoBleedingEdge/lib/mono/unityjit'
Mono config path = 'D:/Unity/Editor/Data/MonoBleedingEdge/etc'
Using monoOptions --debugger-agent=transport=dt_socket,embedding=1,server=y,suspend=n,address=127.0.0.1:56788
Begin MonoManager ReloadAssembly
Registering precompiled unity dll's ...
Register platform support module: D:/Unity/Editor/Data/PlaybackEngines/WebGLSupport/UnityEditor.WebGL.Extensions.dll
Register platform support module: D:/Unity/Editor/Data/PlaybackEngines/WindowsStandaloneSupport/UnityEditor.WindowsStandalone.Extensions.dll
Registered in 0.004567 seconds.
Native extension for WindowsStandalone target not found
Native extension for WebGL target not found
Refreshing native plugins compatible for Editor in 86.18 ms, found 1 plugins.
Preloading 0 native plugins for Editor in 0.00 ms.
Mono: successfully reloaded assembly
- Completed reload, in  1.575 seconds
Platform modules already initialized, skipping
Registering precompiled user dll's ...
Registered in 0.004157 seconds.
Begin MonoManager ReloadAssembly
Native extension for WindowsStandalone target not found
Native extension for WebGL target not found
Refreshing native plugins compatible for Editor in 79.62 ms, found 1 plugins.
Preloading 0 native plugins for Editor in 0.00 ms.
Mono: successfully reloaded assembly
- Completed reload, in  1.283 seconds
Platform modules already initialized, skipping
========================================================================
Worker process is ready to serve import requests
Launched and connected shader compiler UnityShaderCompiler.exe after 0.05 seconds
Refreshing native plugins compatible for Editor in 0.53 ms, found 1 plugins.
Preloading 0 native plugins for Editor in 0.00 ms.
Unloading 2960 Unused Serialized files (Serialized files now loaded: 0)
System memory in use before: 108.7 MB.
System memory in use after: 108.9 MB.

Unloading 17 unused Assets to reduce memory usage. Loaded Objects now: 3413.
Total: 2.874900 ms (FindLiveObjects: 0.640500 ms CreateObjectMapping: 0.233200 ms MarkObjects: 1.929600 ms  DeleteObjects: 0.070500 ms)

========================================================================
Received Import Request.
  path: Assets/Materials/Background.mat
  artifactKey: Guid(15404fbd3bdfada47bb6675c1cf3cf2b) Importer(815301076,1909f56bfc062723c751e8b465ee728b)
Start importing Assets/Materials/Background.mat using Guid(15404fbd3bdfada47bb6675c1cf3cf2b) Importer(815301076,1909f56bfc062723c751e8b465ee728b)  -> (artifact id: 'a89b669e441141bcca5ec08b580d4005') in 0.118381 seconds 
========================================================================
Received Import Request.
  Time since last request: 0.000182 seconds.
  path: Assets/Materials/Player.mat
  artifactKey: Guid(fec68bcff1ebdf446b70bb70329ccdcc) Importer(815301076,1909f56bfc062723c751e8b465ee728b)
Start importing Assets/Materials/Player.mat using Guid(fec68bcff1ebdf446b70bb70329ccdcc) Importer(815301076,1909f56bfc062723c751e8b465ee728b)  -> (artifact id: 'a5fbd93ce44bbe749e5bf7b9ceac9f8c') in 0.022375 seconds 
========================================================================
Received Import Request.
  Time since last request: 308.881454 seconds.
  path: Assets/Input
  artifactKey: Guid(31cd5c660fac70c42b88dea98b94e36d) Importer(815301076,1909f56bfc062723c751e8b465ee728b)
Start importing Assets/Input using Guid(31cd5c660fac70c42b88dea98b94e36d) Importer(815301076,1909f56bfc062723c751e8b465ee728b)  -> (artifact id: '8df9f8588134c87bc372e8b81ed3cd69') in 0.009576 seconds 
========================================================================
Received Import Request.
  Time since last request: 0.028082 seconds.
  path: Assets/Input/InputActions.inputactions
  artifactKey: Guid(d518d5f249b611c43a65d78ade8356b7) Importer(815301076,1909f56bfc062723c751e8b465ee728b)
Start importing Assets/Input/InputActions.inputactions using Guid(d518d5f249b611c43a65d78ade8356b7) Importer(815301076,1909f56bfc062723c751e8b465ee728b)  -> (artifact id: 'd4c5c62c0d7d75dd587838a5a969fe7b') in 0.023493 seconds 
========================================================================
Received Import Request.
  Time since last request: 48.077705 seconds.
  path: Assets/Scripts
  artifactKey: Guid(1584d49202ed2cd44bb04ab16498afc0) Importer(815301076,1909f56bfc062723c751e8b465ee728b)
Start importing Assets/Scripts using Guid(1584d49202ed2cd44bb04ab16498afc0) Importer(815301076,1909f56bfc062723c751e8b465ee728b)  -> (artifact id: '3058dd5e65322f19c33e02552e2c9181') in 0.012534 seconds 
========================================================================
Received Prepare
Registering precompiled user dll's ...
Registered in 0.003722 seconds.
Begin MonoManager ReloadAssembly
Native extension for WindowsStandalone target not found
Native extension for WebGL target not found
Refreshing native plugins compatible for Editor in 0.53 ms, found 1 plugins.
Preloading 0 native plugins for Editor in 0.00 ms.
Mono: successfully reloaded assembly
- Completed reload, in  1.181 seconds
Platform modules already initialized, skipping
Refreshing native plugins compatible for Editor in 0.47 ms, found 1 plugins.
Preloading 0 native plugins for Editor in 0.00 ms.
Unloading 2956 Unused Serialized files (Serialized files now loaded: 0)
System memory in use before: 112.7 MB.
System memory in use after: 112.9 MB.

Unloading 10 unused Assets to reduce memory usage. Loaded Objects now: 3457.
Total: 3.042300 ms (FindLiveObjects: 0.241700 ms CreateObjectMapping: 0.142600 ms MarkObjects: 2.593000 ms  DeleteObjects: 0.063400 ms)

========================================================================
Received Import Request.
  Time since last request: 38.288943 seconds.
  path: Assets/Scripts/NewBehaviourScript.cs
  artifactKey: Guid(f2f3b1635e7b6f84c9aa3a92b94ca6e3) Importer(815301076,1909f56bfc062723c751e8b465ee728b)
Start importing Assets/Scripts/NewBehaviourScript.cs using Guid(f2f3b1635e7b6f84c9aa3a92b94ca6e3) Importer(815301076,1909f56bfc062723c751e8b465ee728b)  -> (artifact id: '853df4f69bf2b4963e8046c4c05718e6') in 0.075838 seconds 
========================================================================
Received Prepare
Registering precompiled user dll's ...
Registered in 0.004769 seconds.
Begin MonoManager ReloadAssembly
Native extension for WindowsStandalone target not found
Native extension for WebGL target not found
Refreshing native plugins compatible for Editor in 0.48 ms, found 1 plugins.
Preloading 0 native plugins for Editor in 0.00 ms.
Mono: successfully reloaded assembly
- Completed reload, in  1.667 seconds
Platform modules already initialized, skipping
Refreshing native plugins compatible for Editor in 0.87 ms, found 1 plugins.
Preloading 0 native plugins for Editor in 0.00 ms.
Unloading 2955 Unused Serialized files (Serialized files now loaded: 0)
System memory in use before: 112.8 MB.
System memory in use after: 113.0 MB.

Unloading 11 unused Assets to reduce memory usage. Loaded Objects now: 3459.
Total: 3.462400 ms (FindLiveObjects: 0.228400 ms CreateObjectMapping: 0.487800 ms MarkObjects: 2.698700 ms  DeleteObjects: 0.046100 ms)

========================================================================
Received Prepare
Registering precompiled user dll's ...
Registered in 0.003985 seconds.
Begin MonoManager ReloadAssembly
Native extension for WindowsStandalone target not found
Native extension for WebGL target not found
Refreshing native plugins compatible for Editor in 0.51 ms, found 1 plugins.
Preloading 0 native plugins for Editor in 0.00 ms.
Mono: successfully reloaded assembly
- Completed reload, in  1.438 seconds
Platform modules already initialized, skipping
Refreshing native plugins compatible for Editor in 0.55 ms, found 1 plugins.
Preloading 0 native plugins for Editor in 0.00 ms.
Unloading 2956 Unused Serialized files (Serialized files now loaded: 0)
System memory in use before: 112.8 MB.
System memory in use after: 113.0 MB.

Unloading 10 unused Assets to reduce memory usage. Loaded Objects now: 3463.
Total: 2.617900 ms (FindLiveObjects: 0.460700 ms CreateObjectMapping: 0.242800 ms MarkObjects: 1.841700 ms  DeleteObjects: 0.071500 ms)

========================================================================
Received Prepare
Registering precompiled user dll's ...
Registered in 0.004283 seconds.
Begin MonoManager ReloadAssembly
Native extension for WindowsStandalone target not found
Native extension for WebGL target not found
Refreshing native plugins compatible for Editor in 0.53 ms, found 1 plugins.
Preloading 0 native plugins for Editor in 0.00 ms.
Mono: successfully reloaded assembly
- Completed reload, in  1.150 seconds
Platform modules already initialized, skipping
Refreshing native plugins compatible for Editor in 0.47 ms, found 1 plugins.
Preloading 0 native plugins for Editor in 0.00 ms.
Unloading 2956 Unused Serialized files (Serialized files now loaded: 0)
System memory in use before: 112.8 MB.
System memory in use after: 113.1 MB.

Unloading 10 unused Assets to reduce memory usage. Loaded Objects now: 3466.
Total: 2.471200 ms (FindLiveObjects: 0.244500 ms CreateObjectMapping: 0.140600 ms MarkObjects: 2.032400 ms  DeleteObjects: 0.052600 ms)

========================================================================
Received Import Request.
  Time since last request: 64.100761 seconds.
  path: Assets/Scripts/PlayerController.cs
  artifactKey: Guid(b45ba1ef277ed3a42b3b26ab8bd7478d) Importer(815301076,1909f56bfc062723c751e8b465ee728b)
Start importing Assets/Scripts/PlayerController.cs using Guid(b45ba1ef277ed3a42b3b26ab8bd7478d) Importer(815301076,1909f56bfc062723c751e8b465ee728b)  -> (artifact id: 'b408dfb4e9caec1a4025a2a4446480a2') in 0.030222 seconds 
========================================================================
Received Import Request.
  Time since last request: 780.524336 seconds.
  path: Assets/Scripts/PlayerController.cs
  artifactKey: Guid(b45ba1ef277ed3a42b3b26ab8bd7478d) Importer(815301076,1909f56bfc062723c751e8b465ee728b)
Start importing Assets/Scripts/PlayerController.cs using Guid(b45ba1ef277ed3a42b3b26ab8bd7478d) Importer(815301076,1909f56bfc062723c751e8b465ee728b)  -> (artifact id: '1720368fef55ae3110e982bf97911925') in 0.007305 seconds 
========================================================================
Received Prepare
Registering precompiled user dll's ...
Registered in 0.003344 seconds.
Begin MonoManager ReloadAssembly
Native extension for WindowsStandalone target not found
Native extension for WebGL target not found
Refreshing native plugins compatible for Editor in 0.54 ms, found 1 plugins.
Preloading 0 native plugins for Editor in 0.00 ms.
Mono: successfully reloaded assembly
- Completed reload, in  1.046 seconds
Platform modules already initialized, skipping
Refreshing native plugins compatible for Editor in 0.50 ms, found 1 plugins.
Preloading 0 native plugins for Editor in 0.00 ms.
Unloading 2956 Unused Serialized files (Serialized files now loaded: 0)
System memory in use before: 112.9 MB.
System memory in use after: 113.1 MB.

Unloading 10 unused Assets to reduce memory usage. Loaded Objects now: 3469.
Total: 2.353800 ms (FindLiveObjects: 0.313000 ms CreateObjectMapping: 0.134700 ms MarkObjects: 1.849200 ms  DeleteObjects: 0.055600 ms)

========================================================================
Received Prepare
Registering precompiled user dll's ...
Registered in 0.003650 seconds.
Begin MonoManager ReloadAssembly
Native extension for WindowsStandalone target not found
Native extension for WebGL target not found
Refreshing native plugins compatible for Editor in 0.47 ms, found 1 plugins.
Preloading 0 native plugins for Editor in 0.00 ms.
Mono: successfully reloaded assembly
- Completed reload, in  1.027 seconds
Platform modules already initialized, skipping
Refreshing native plugins compatible for Editor in 0.49 ms, found 1 plugins.
Preloading 0 native plugins for Editor in 0.00 ms.
Unloading 2956 Unused Serialized files (Serialized files now loaded: 0)
System memory in use before: 112.9 MB.
System memory in use after: 113.1 MB.

Unloading 10 unused Assets to reduce memory usage. Loaded Objects now: 3472.
Total: 2.611700 ms (FindLiveObjects: 0.244300 ms CreateObjectMapping: 0.135100 ms MarkObjects: 2.154700 ms  DeleteObjects: 0.077000 ms)

========================================================================
Received Prepare
Registering precompiled user dll's ...
Registered in 0.003161 seconds.
Begin MonoManager ReloadAssembly
Native extension for WindowsStandalone target not found
Native extension for WebGL target not found
Refreshing native plugins compatible for Editor in 0.57 ms, found 1 plugins.
Preloading 0 native plugins for Editor in 0.00 ms.
Mono: successfully reloaded assembly
- Completed reload, in  1.014 seconds
Platform modules already initialized, skipping
Refreshing native plugins compatible for Editor in 0.52 ms, found 1 plugins.
Preloading 0 native plugins for Editor in 0.00 ms.
Unloading 2957 Unused Serialized files (Serialized files now loaded: 0)
System memory in use before: 112.9 MB.
System memory in use after: 113.1 MB.

Unloading 10 unused Assets to reduce memory usage. Loaded Objects now: 3476.
Total: 3.324000 ms (FindLiveObjects: 0.547200 ms CreateObjectMapping: 0.726500 ms MarkObjects: 1.980700 ms  DeleteObjects: 0.068200 ms)

========================================================================
Received Prepare
Registering precompiled user dll's ...
Registered in 0.009165 seconds.
Begin MonoManager ReloadAssembly
Native extension for WindowsStandalone target not found
Native extension for WebGL target not found
Refreshing native plugins compatible for Editor in 0.74 ms, found 1 plugins.
Preloading 0 native plugins for Editor in 0.00 ms.
Mono: successfully reloaded assembly
- Completed reload, in  1.390 seconds
Platform modules already initialized, skipping
Refreshing native plugins compatible for Editor in 0.55 ms, found 1 plugins.
Preloading 0 native plugins for Editor in 0.00 ms.
Unloading 2957 Unused Serialized files (Serialized files now loaded: 0)
System memory in use before: 112.9 MB.
System memory in use after: 113.1 MB.

Unloading 10 unused Assets to reduce memory usage. Loaded Objects now: 3479.
Total: 2.537700 ms (FindLiveObjects: 0.247800 ms CreateObjectMapping: 0.165800 ms MarkObjects: 2.068700 ms  DeleteObjects: 0.054300 ms)

========================================================================
Received Import Request.
  Time since last request: 467.141050 seconds.
  path: Assets/Scripts/PlayerController.cs
  artifactKey: Guid(b45ba1ef277ed3a42b3b26ab8bd7478d) Importer(815301076,1909f56bfc062723c751e8b465ee728b)
Start importing Assets/Scripts/PlayerController.cs using Guid(b45ba1ef277ed3a42b3b26ab8bd7478d) Importer(815301076,1909f56bfc062723c751e8b465ee728b)  -> (artifact id: '7ec97df7aa9aee967c413050b2e9d8bb') in 0.009853 seconds 
========================================================================
Received Import Request.
  Time since last request: 1.456633 seconds.
  path: Assets/Scripts/CameraController.cs
  artifactKey: Guid(c6b0cc7e638d3a948ad7e60cf8dead0b) Importer(815301076,1909f56bfc062723c751e8b465ee728b)
Start importing Assets/Scripts/CameraController.cs using Guid(c6b0cc7e638d3a948ad7e60cf8dead0b) Importer(815301076,1909f56bfc062723c751e8b465ee728b)  -> (artifact id: 'fb62927a975e753fe7e28e21c8ff25d5') in 0.010649 seconds 
========================================================================
Received Prepare
Registering precompiled user dll's ...
Registered in 0.003258 seconds.
Begin MonoManager ReloadAssembly
Native extension for WindowsStandalone target not found
Native extension for WebGL target not found
Refreshing native plugins compatible for Editor in 0.53 ms, found 1 plugins.
Preloading 0 native plugins for Editor in 0.00 ms.
Mono: successfully reloaded assembly
- Completed reload, in  1.168 seconds
Platform modules already initialized, skipping
Refreshing native plugins compatible for Editor in 0.49 ms, found 1 plugins.
Preloading 0 native plugins for Editor in 0.00 ms.
Unloading 2957 Unused Serialized files (Serialized files now loaded: 0)
System memory in use before: 112.9 MB.
System memory in use after: 113.1 MB.

Unloading 10 unused Assets to reduce memory usage. Loaded Objects now: 3482.
Total: 2.470700 ms (FindLiveObjects: 0.262400 ms CreateObjectMapping: 0.144300 ms MarkObjects: 1.995900 ms  DeleteObjects: 0.067200 ms)

========================================================================
Received Import Request.
  Time since last request: 17.286799 seconds.
  path: Assets/Scripts/CameraController.cs
  artifactKey: Guid(c6b0cc7e638d3a948ad7e60cf8dead0b) Importer(815301076,1909f56bfc062723c751e8b465ee728b)
Start importing Assets/Scripts/CameraController.cs using Guid(c6b0cc7e638d3a948ad7e60cf8dead0b) Importer(815301076,1909f56bfc062723c751e8b465ee728b)  -> (artifact id: 'ae059034755ee6728205cd971f45202d') in 0.007075 seconds 
========================================================================
Received Prepare
Registering precompiled user dll's ...
Registered in 0.003327 seconds.
Begin MonoManager ReloadAssembly
Native extension for WindowsStandalone target not found
Native extension for WebGL target not found
Refreshing native plugins compatible for Editor in 0.67 ms, found 1 plugins.
Preloading 0 native plugins for Editor in 0.00 ms.
Mono: successfully reloaded assembly
- Completed reload, in  1.131 seconds
Platform modules already initialized, skipping
Refreshing native plugins compatible for Editor in 0.46 ms, found 1 plugins.
Preloading 0 native plugins for Editor in 0.00 ms.
Unloading 2957 Unused Serialized files (Serialized files now loaded: 0)
System memory in use before: 112.9 MB.
System memory in use after: 113.1 MB.

Unloading 10 unused Assets to reduce memory usage. Loaded Objects now: 3485.
Total: 3.760700 ms (FindLiveObjects: 0.329600 ms CreateObjectMapping: 0.211300 ms MarkObjects: 3.145600 ms  DeleteObjects: 0.072900 ms)

========================================================================
Received Import Request.
  Time since last request: 775.177798 seconds.
  path: Assets/Materials/New Material.mat
  artifactKey: Guid(edb8d6a9e9a456442a31f403d6117ac7) Importer(815301076,1909f56bfc062723c751e8b465ee728b)
Start importing Assets/Materials/New Material.mat using Guid(edb8d6a9e9a456442a31f403d6117ac7) Importer(815301076,1909f56bfc062723c751e8b465ee728b)  -> (artifact id: '208d43d59bcdc2d4345c12c0e99188bc') in 0.084255 seconds 
========================================================================
Received Prepare
Registering precompiled user dll's ...
Registered in 0.004315 seconds.
Begin MonoManager ReloadAssembly
Native extension for WindowsStandalone target not found
Native extension for WebGL target not found
Refreshing native plugins compatible for Editor in 0.53 ms, found 1 plugins.
Preloading 0 native plugins for Editor in 0.00 ms.
Mono: successfully reloaded assembly
- Completed reload, in  1.154 seconds
Platform modules already initialized, skipping
Refreshing native plugins compatible for Editor in 0.51 ms, found 1 plugins.
Preloading 0 native plugins for Editor in 0.00 ms.
Unloading 2957 Unused Serialized files (Serialized files now loaded: 0)
System memory in use before: 112.9 MB.
System memory in use after: 113.1 MB.

Unloading 10 unused Assets to reduce memory usage. Loaded Objects now: 3489.
Total: 2.262700 ms (FindLiveObjects: 0.275200 ms CreateObjectMapping: 0.143200 ms MarkObjects: 1.766600 ms  DeleteObjects: 0.076400 ms)

========================================================================
Received Import Request.
  Time since last request: 439.117260 seconds.
  path: Assets/Materials/Walls.mat
  artifactKey: Guid(edb8d6a9e9a456442a31f403d6117ac7) Importer(815301076,1909f56bfc062723c751e8b465ee728b)
Start importing Assets/Materials/Walls.mat using Guid(edb8d6a9e9a456442a31f403d6117ac7) Importer(815301076,1909f56bfc062723c751e8b465ee728b)  -> (artifact id: 'd89f5ded290121f6ee4294cae07faecd') in 0.085243 seconds 
========================================================================
Received Prepare
Registering precompiled user dll's ...
Registered in 0.003649 seconds.
Begin MonoManager ReloadAssembly
Native extension for WindowsStandalone target not found
Native extension for WebGL target not found
Refreshing native plugins compatible for Editor in 0.56 ms, found 1 plugins.
Preloading 0 native plugins for Editor in 0.00 ms.
Mono: successfully reloaded assembly
- Completed reload, in  1.000 seconds
Platform modules already initialized, skipping
Refreshing native plugins compatible for Editor in 0.51 ms, found 1 plugins.
Preloading 0 native plugins for Editor in 0.00 ms.
Unloading 2958 Unused Serialized files (Serialized files now loaded: 0)
System memory in use before: 113.0 MB.
System memory in use after: 113.2 MB.

Unloading 10 unused Assets to reduce memory usage. Loaded Objects now: 3494.
Total: 2.190900 ms (FindLiveObjects: 0.270500 ms CreateObjectMapping: 0.187600 ms MarkObjects: 1.686200 ms  DeleteObjects: 0.045500 ms)

========================================================================
Received Prepare
Registering precompiled user dll's ...
Registered in 0.003727 seconds.
Begin MonoManager ReloadAssembly
Native extension for WindowsStandalone target not found
Native extension for WebGL target not found
Refreshing native plugins compatible for Editor in 0.51 ms, found 1 plugins.
Preloading 0 native plugins for Editor in 0.00 ms.
Mono: successfully reloaded assembly
- Completed reload, in  0.980 seconds
Platform modules already initialized, skipping
Refreshing native plugins compatible for Editor in 0.48 ms, found 1 plugins.
Preloading 0 native plugins for Editor in 0.00 ms.
Unloading 2958 Unused Serialized files (Serialized files now loaded: 0)
System memory in use before: 113.0 MB.
System memory in use after: 113.2 MB.

Unloading 10 unused Assets to reduce memory usage. Loaded Objects now: 3497.
Total: 2.369300 ms (FindLiveObjects: 0.253800 ms CreateObjectMapping: 0.150300 ms MarkObjects: 1.924700 ms  DeleteObjects: 0.039700 ms)

========================================================================
Received Import Request.
  Time since last request: 120.349820 seconds.
  path: Assets/Scripts/Rotator.cs
  artifactKey: Guid(d707cdbea974f624f995b61a01f40faa) Importer(815301076,1909f56bfc062723c751e8b465ee728b)
Start importing Assets/Scripts/Rotator.cs using Guid(d707cdbea974f624f995b61a01f40faa) Importer(815301076,1909f56bfc062723c751e8b465ee728b)  -> (artifact id: 'a910fa4778c8f3c2c23732faf157e7bc') in 0.011636 seconds 
========================================================================
Received Prepare
Registering precompiled user dll's ...
Registered in 0.004738 seconds.
Begin MonoManager ReloadAssembly
Native extension for WindowsStandalone target not found
Native extension for WebGL target not found
Refreshing native plugins compatible for Editor in 0.52 ms, found 1 plugins.
Preloading 0 native plugins for Editor in 0.00 ms.
Mono: successfully reloaded assembly
- Completed reload, in  1.004 seconds
Platform modules already initialized, skipping
Refreshing native plugins compatible for Editor in 0.48 ms, found 1 plugins.
Preloading 0 native plugins for Editor in 0.00 ms.
Unloading 2958 Unused Serialized files (Serialized files now loaded: 0)
System memory in use before: 113.0 MB.
System memory in use after: 113.2 MB.

Unloading 10 unused Assets to reduce memory usage. Loaded Objects now: 3500.
Total: 2.330500 ms (FindLiveObjects: 0.269300 ms CreateObjectMapping: 0.174900 ms MarkObjects: 1.812500 ms  DeleteObjects: 0.072800 ms)

========================================================================
Received Import Request.
  Time since last request: 10.099601 seconds.
  path: Assets/Scripts/Rotator.cs
  artifactKey: Guid(d707cdbea974f624f995b61a01f40faa) Importer(815301076,1909f56bfc062723c751e8b465ee728b)
Start importing Assets/Scripts/Rotator.cs using Guid(d707cdbea974f624f995b61a01f40faa) Importer(815301076,1909f56bfc062723c751e8b465ee728b)  -> (artifact id: '4e509646996f0bc38869ff972b7abf13') in 0.013624 seconds 
========================================================================
Received Prepare
Registering precompiled user dll's ...
Registered in 0.003230 seconds.
Begin MonoManager ReloadAssembly
Native extension for WindowsStandalone target not found
Native extension for WebGL target not found
Refreshing native plugins compatible for Editor in 0.65 ms, found 1 plugins.
Preloading 0 native plugins for Editor in 0.00 ms.
Mono: successfully reloaded assembly
- Completed reload, in  4.169 seconds
Platform modules already initialized, skipping
Refreshing native plugins compatible for Editor in 0.55 ms, found 1 plugins.
Preloading 0 native plugins for Editor in 0.00 ms.
Unloading 2958 Unused Serialized files (Serialized files now loaded: 0)
System memory in use before: 113.0 MB.
System memory in use after: 113.2 MB.

Unloading 10 unused Assets to reduce memory usage. Loaded Objects now: 3503.
Total: 2.241600 ms (FindLiveObjects: 0.261300 ms CreateObjectMapping: 0.153400 ms MarkObjects: 1.758500 ms  DeleteObjects: 0.067300 ms)

========================================================================
Received Prepare
Registering precompiled user dll's ...
Registered in 0.003595 seconds.
Begin MonoManager ReloadAssembly
Native extension for WindowsStandalone target not found
Native extension for WebGL target not found
Refreshing native plugins compatible for Editor in 0.77 ms, found 1 plugins.
Preloading 0 native plugins for Editor in 0.00 ms.
Mono: successfully reloaded assembly
- Completed reload, in  2.032 seconds
Platform modules already initialized, skipping
Refreshing native plugins compatible for Editor in 0.63 ms, found 1 plugins.
Preloading 0 native plugins for Editor in 0.00 ms.
Unloading 2958 Unused Serialized files (Serialized files now loaded: 0)
System memory in use before: 113.0 MB.
System memory in use after: 113.2 MB.

Unloading 10 unused Assets to reduce memory usage. Loaded Objects now: 3506.
Total: 2.738300 ms (FindLiveObjects: 0.268600 ms CreateObjectMapping: 0.142900 ms MarkObjects: 2.254200 ms  DeleteObjects: 0.071300 ms)

========================================================================
Received Import Request.
  Time since last request: 20.658752 seconds.
  path: Assets/Scripts/Rotator.cs
  artifactKey: Guid(d707cdbea974f624f995b61a01f40faa) Importer(815301076,1909f56bfc062723c751e8b465ee728b)
Start importing Assets/Scripts/Rotator.cs using Guid(d707cdbea974f624f995b61a01f40faa) Importer(815301076,1909f56bfc062723c751e8b465ee728b)  -> (artifact id: '2ec863cc5b957c363802b67b33f40d1e') in 0.007742 seconds 
========================================================================
Received Prepare
Registering precompiled user dll's ...
Registered in 0.005234 seconds.
Begin MonoManager ReloadAssembly
Native extension for WindowsStandalone target not found
Native extension for WebGL target not found
Refreshing native plugins compatible for Editor in 0.53 ms, found 1 plugins.
Preloading 0 native plugins for Editor in 0.00 ms.
Mono: successfully reloaded assembly
- Completed reload, in  1.731 seconds
Platform modules already initialized, skipping
Refreshing native plugins compatible for Editor in 0.93 ms, found 1 plugins.
Preloading 0 native plugins for Editor in 0.00 ms.
Unloading 2958 Unused Serialized files (Serialized files now loaded: 0)
System memory in use before: 113.0 MB.
System memory in use after: 113.2 MB.

Unloading 10 unused Assets to reduce memory usage. Loaded Objects now: 3509.
Total: 2.661500 ms (FindLiveObjects: 0.310600 ms CreateObjectMapping: 0.163700 ms MarkObjects: 2.140300 ms  DeleteObjects: 0.045400 ms)

========================================================================
Received Import Request.
  Time since last request: 124.609087 seconds.
  path: Assets/New Folder
  artifactKey: Guid(6faed26de447a6f40ba4566f233d7d10) Importer(815301076,1909f56bfc062723c751e8b465ee728b)
Start importing Assets/New Folder using Guid(6faed26de447a6f40ba4566f233d7d10) Importer(815301076,1909f56bfc062723c751e8b465ee728b)  -> (artifact id: 'bf1dc5b52906e7d477328b9214508e8b') in 0.012886 seconds 
========================================================================
Received Import Request.
  Time since last request: 5.168879 seconds.
  path: Assets/Prefabs
  artifactKey: Guid(6faed26de447a6f40ba4566f233d7d10) Importer(815301076,1909f56bfc062723c751e8b465ee728b)
Start importing Assets/Prefabs using Guid(6faed26de447a6f40ba4566f233d7d10) Importer(815301076,1909f56bfc062723c751e8b465ee728b)  -> (artifact id: 'fc4611eb8c3d7103382d32bbfc9aeb08') in 0.010463 seconds 
========================================================================
Received Import Request.
  Time since last request: 5.188038 seconds.
  path: Assets/Prefabs/PickUp.prefab
  artifactKey: Guid(d7c56f57c7d89344c83e5b38c4fa0176) Importer(815301076,1909f56bfc062723c751e8b465ee728b)
Start importing Assets/Prefabs/PickUp.prefab using Guid(d7c56f57c7d89344c83e5b38c4fa0176) Importer(815301076,1909f56bfc062723c751e8b465ee728b)  -> (artifact id: '0920163e8f28f7a29f7c9289643d3c61') in 0.097355 seconds 
AssetImportWorkerClient::OnTransportError - code=2 error=End of file
